Using pre-set license
Built from '2020.3/staging' branch; Version is '2020.3.19f1 (68f137dc9bbe) revision 6877495'; Using compiler version '192528614'; Build Type 'Release'
OS: 'Windows 10 Pro; OS build 19042.1415; Version 2009; 64bit' Language: 'en' Physical Memory: 8113 MB
BatchMode: 1, IsHumanControllingUs: 0, StartBugReporterOnCrash: 0, Is64bit: 1, IsPro: 0

COMMAND LINE ARGUMENTS:
C:\Program Files\Unity\Hub\Editor\2020.3.19f1\Editor\Unity.exe
-adb2
-batchMode
-noUpm
-name
AssetImportWorker0
-projectPath
C:/Users/musaa/Desktop/Project/LudoMultiplayer/Ludo-Games-master
-logFile
Logs/AssetImportWorker0.log
-srvPort
58917
Successfully changed project path to: C:/Users/musaa/Desktop/Project/LudoMultiplayer/Ludo-Games-master
C:/Users/musaa/Desktop/Project/LudoMultiplayer/Ludo-Games-master
Using Asset Import Pipeline V2.
Refreshing native plugins compatible for Editor in 90.53 ms, found 2 plugins.
Preloading 0 native plugins for Editor in 0.00 ms.
Initialize engine version: 2020.3.19f1 (68f137dc9bbe)
[Subsystems] Discovering subsystems at path C:/Program Files/Unity/Hub/Editor/2020.3.19f1/Editor/Data/Resources/UnitySubsystems
[Subsystems] Discovering subsystems at path C:/Users/musaa/Desktop/Project/LudoMultiplayer/Ludo-Games-master/Assets
GfxDevice: creating device client; threaded=0
Direct3D:
    Version:  Direct3D 11.0 [level 11.1]
    Renderer: Intel(R) HD Graphics Family (ID=0xa16)
    Vendor:   
    VRAM:     2048 MB
    Driver:   20.19.15.4835
Initialize mono
Mono path[0] = 'C:/Program Files/Unity/Hub/Editor/2020.3.19f1/Editor/Data/Managed'
Mono path[1] = 'C:/Program Files/Unity/Hub/Editor/2020.3.19f1/Editor/Data/MonoBleedingEdge/lib/mono/unityjit'
Mono config path = 'C:/Program Files/Unity/Hub/Editor/2020.3.19f1/Editor/Data/MonoBleedingEdge/etc'
Using monoOptions --debugger-agent=transport=dt_socket,embedding=1,server=y,suspend=n,address=127.0.0.1:56116
Begin MonoManager ReloadAssembly
Registering precompiled unity dll's ...
Register platform support module: C:/Program Files/Unity/Hub/Editor/2020.3.19f1/Editor/Data/PlaybackEngines/WindowsStandaloneSupport/UnityEditor.WindowsStandalone.Extensions.dll
Registered in 0.003150 seconds.
Native extension for WindowsStandalone target not found
Refreshing native plugins compatible for Editor in 68.17 ms, found 2 plugins.
Preloading 0 native plugins for Editor in 0.00 ms.
Mono: successfully reloaded assembly
- Completed reload, in  2.028 seconds
Domain Reload Profiling:
	ReloadAssembly (2029ms)
		BeginReloadAssembly (86ms)
			ExecutionOrderSort (0ms)
			DisableScriptedObjects (0ms)
			BackupInstance (0ms)
			ReleaseScriptingObjects (0ms)
			CreateAndSetChildDomain (1ms)
		EndReloadAssembly (698ms)
			LoadAssemblies (83ms)
			RebuildTransferFunctionScriptingTraits (0ms)
			SetupTypeCache (253ms)
			ReleaseScriptCaches (0ms)
			RebuildScriptCaches (49ms)
			SetupLoadedEditorAssemblies (271ms)
				LogAssemblyErrors (0ms)
				InitializePlatformSupportModulesInManaged (6ms)
				SetLoadedEditorAssemblies (0ms)
				RefreshPlugins (68ms)
				BeforeProcessingInitializeOnLoad (25ms)
				ProcessInitializeOnLoadAttributes (127ms)
				ProcessInitializeOnLoadMethodAttributes (44ms)
				AfterProcessingInitializeOnLoad (0ms)
				EditorAssembliesLoaded (0ms)
			ExecutionOrderSort2 (0ms)
			AwakeInstancesAfterBackupRestoration (0ms)
Platform modules already initialized, skipping
Registering precompiled user dll's ...
Registered in 0.006586 seconds.
Begin MonoManager ReloadAssembly
Native extension for WindowsStandalone target not found
Refreshing native plugins compatible for Editor in 0.93 ms, found 2 plugins.
Preloading 0 native plugins for Editor in 0.00 ms.
Disabling WSA platform on asset settings for C:\Users\musaa\Desktop\Project\LudoMultiplayer\Ludo-Games-master\Assets\NuGet.config
DisplayProgressbar: Restoring NuGet Packages
Mono: successfully reloaded assembly
- Completed reload, in  2.325 seconds
Domain Reload Profiling:
	ReloadAssembly (2327ms)
		BeginReloadAssembly (228ms)
			ExecutionOrderSort (0ms)
			DisableScriptedObjects (7ms)
			BackupInstance (0ms)
			ReleaseScriptingObjects (0ms)
			CreateAndSetChildDomain (29ms)
		EndReloadAssembly (2003ms)
			LoadAssemblies (138ms)
			RebuildTransferFunctionScriptingTraits (0ms)
			SetupTypeCache (476ms)
			ReleaseScriptCaches (1ms)
			RebuildScriptCaches (77ms)
			SetupLoadedEditorAssemblies (1137ms)
				LogAssemblyErrors (0ms)
				InitializePlatformSupportModulesInManaged (8ms)
				SetLoadedEditorAssemblies (1ms)
				RefreshPlugins (1ms)
				BeforeProcessingInitializeOnLoad (155ms)
				ProcessInitializeOnLoadAttributes (893ms)
				ProcessInitializeOnLoadMethodAttributes (68ms)
				AfterProcessingInitializeOnLoad (11ms)
				EditorAssembliesLoaded (0ms)
			ExecutionOrderSort2 (0ms)
			AwakeInstancesAfterBackupRestoration (11ms)
Platform modules already initialized, skipping
========================================================================
Worker process is ready to serve import requests
Launched and connected shader compiler UnityShaderCompiler.exe after 0.16 seconds
Refreshing native plugins compatible for Editor in 1.87 ms, found 2 plugins.
Preloading 0 native plugins for Editor in 0.00 ms.
Unloading 1992 Unused Serialized files (Serialized files now loaded: 0)
System memory in use before: 81.8 MB.
System memory in use after: 81.9 MB.

Unloading 58 unused Assets to reduce memory usage. Loaded Objects now: 2397.
Total: 9.932500 ms (FindLiveObjects: 0.246700 ms CreateObjectMapping: 0.129100 ms MarkObjects: 9.437300 ms  DeleteObjects: 0.117300 ms)

AssetImportParameters requested are different than current active one (requested -> active):
  custom:framework-win-MediaFoundation: 216162199b28c13a410421893ffa2e32 -> 
  custom:video-decoder-ogg-theora: a1e56fd34408186e4bbccfd4996cb3dc -> 
  custom:container-muxer-webm: aa71ff27fc2769a1b78a27578f13a17b -> 
  custom:container-demuxer-webm: 4f35f7cbe854078d1ac9338744f61a02 -> 
  custom:container-demuxer-ogg: 62fdf1f143b41e24485cea50d1cbac27 -> 
  custom:video-encoder-webm-vp8: eb34c28f22e8b96e1ab97ce403110664 -> 
  custom:video-decoder-webm-vp8: 9c59270c3fd7afecdb556c50c9e8de78 -> 
  custom:audio-decoder-ogg-vorbis: bf7c407c2cedff20999df2af8eb42d56 -> 
  custom:audio-encoder-webm-vorbis: bf7c407c2cedff20999df2af8eb42d56 -> 
========================================================================
Received Import Request.
  path: Assets/Packages/SocketIoClientDotNet.0.9.13/SocketIoClientDotNet.0.9.13.nupkg
  artifactKey: Guid(15e478daaa1fd444aacb08a54a01c515) Importer(815301076,1909f56bfc062723c751e8b465ee728b)
Start importing Assets/Packages/SocketIoClientDotNet.0.9.13/SocketIoClientDotNet.0.9.13.nupkg using Guid(15e478daaa1fd444aacb08a54a01c515) Importer(815301076,1909f56bfc062723c751e8b465ee728b)  -> (artifact id: '643cfb6ab5523c672a6fcedf506ee45e') in 0.065349 seconds 
  Import took 0.071911 seconds .

========================================================================
Received Import Request.
  Time since last request: 44.476052 seconds.
  path: Assets/Scripts/Socket
  artifactKey: Guid(5add575997f961d468c2225b1d6266d1) Importer(815301076,1909f56bfc062723c751e8b465ee728b)
Start importing Assets/Scripts/Socket using Guid(5add575997f961d468c2225b1d6266d1) Importer(815301076,1909f56bfc062723c751e8b465ee728b)  -> (artifact id: '8820aa83d319f882820be738692da48a') in 0.024053 seconds 
  Import took 0.033656 seconds .

========================================================================
Received Import Request.
  Time since last request: 127.671057 seconds.
  path: Assets/Scripts/Socket/NetworkManager.cs
  artifactKey: Guid(696abf53af0724d4c932828047678f8a) Importer(815301076,1909f56bfc062723c751e8b465ee728b)
Start importing Assets/Scripts/Socket/NetworkManager.cs using Guid(696abf53af0724d4c932828047678f8a) Importer(815301076,1909f56bfc062723c751e8b465ee728b)  -> (artifact id: '09021ebdcdaf9a3334f0ba45e5ae5de0') in 0.027980 seconds 
  Import took 0.034200 seconds .

========================================================================
Received Import Request.
  Time since last request: 0.737519 seconds.
  path: Assets/Scripts/Socket/server.js
  artifactKey: Guid(83e53b48ca30b6b4fbf93399fcdcd00a) Importer(815301076,1909f56bfc062723c751e8b465ee728b)
Start importing Assets/Scripts/Socket/server.js using Guid(83e53b48ca30b6b4fbf93399fcdcd00a) Importer(815301076,1909f56bfc062723c751e8b465ee728b)  -> (artifact id: 'fc155d0f2225dd27ca01d6ad8a341c25') in 0.025464 seconds 
  Import took 0.034235 seconds .

AssetImportWorkerClient::OnTransportError - code=2 error=End of file
